<?xml version="1.0" encoding="UTF-8"?>
<!-- Generated by org.testng.reporters.JUnitReportReporter -->
<testsuite hostname="SOURABH" failures="0" tests="2" name="com.Myhms.testcases.TC_PermanentRegistration" time="19.282" errors="0" timestamp="2022-10-16T22:30:38 IST" skipped="0">
  <testcase classname="com.Myhms.testcases.TC_PermanentRegistration" name="verifyPR" time="9.215"/>
  <system-out/>
  <testcase classname="com.Myhms.testcases.TC_PermanentRegistration" name="verifySuccessFillPR" time="10.067"/>
  <system-out/>
</testsuite> <!-- com.Myhms.testcases.TC_PermanentRegistration -->
