<?xml version="1.0" encoding="UTF-8"?>
<!-- Generated by org.testng.reporters.JUnitReportReporter -->
<testsuite hostname="SOURABH" failures="0" tests="1" name="com.Myhms.testcases.TC_adminpage" time="36.893" errors="0" timestamp="2022-10-16T12:17:17 IST" skipped="0">
  <testcase classname="com.Myhms.testcases.TC_adminpage" name="clickonRegistration" time="36.893"/>
  <system-out/>
</testsuite> <!-- com.Myhms.testcases.TC_adminpage -->
