<?xml version="1.0" encoding="UTF-8"?>
<!-- Generated by org.testng.reporters.JUnitReportReporter -->
<testsuite hostname="SOURABH" failures="0" tests="3" name="com.Myhms.testcases.TC_SearchRegistration" time="13.142" errors="0" timestamp="2022-10-20T18:20:28 IST" skipped="0">
  <testcase classname="com.Myhms.testcases.TC_SearchRegistration" name="clickonRegistration" time="12.438"/>
  <system-out/>
  <testcase classname="com.Myhms.testcases.TC_SearchRegistration" name="varifySearchRregistration" time="0.690"/>
  <system-out/>
  <testcase classname="com.Myhms.testcases.TC_SearchRegistration" name="varifySearchRregistrationsuccessfull" time="0.014"/>
  <system-out/>
</testsuite> <!-- com.Myhms.testcases.TC_SearchRegistration -->
