<?xml version="1.0" encoding="UTF-8"?>
<!-- Generated by org.testng.reporters.JUnitReportReporter -->
<testsuite hostname="SOURABH" failures="0" tests="1" name="com.Myhms.testcases.TC_userLoginPage" time="7.743" errors="0" timestamp="2022-10-27T16:07:58 IST" skipped="0">
  <testcase classname="com.Myhms.testcases.TC_userLoginPage" name="verfyLogin" time="7.743"/>
  <system-out/>
</testsuite> <!-- com.Myhms.testcases.TC_userLoginPage -->
